[2026-06-21 19:38:16] [INFO]: Swagger API docs mounted on /api-docs {"metadata":{}}
[2026-06-21 19:38:16] [INFO]: SQLite database schema parsed and seeded successfully {"metadata":{}}
[2026-06-21 19:38:16] [INFO]: CAFFIX Vending server running on http://localhost:5000 {"metadata":{}}
[2026-06-21 19:38:16] [INFO]: Swagger interactive docs: http://localhost:5000/api-docs {"metadata":{}}
[2026-06-21 19:38:25] [INFO]: GET /api-docs {"metadata":{}}
[2026-06-21 19:38:25] [INFO]: GET /api-docs/ {"metadata":{}}
[2026-06-21 19:38:26] [INFO]: GET /api-docs/swagger-ui.css {"metadata":{}}
[2026-06-21 19:38:26] [INFO]: GET /api-docs/swagger-ui-bundle.js {"metadata":{}}
[2026-06-21 19:38:26] [INFO]: GET /api-docs/swagger-ui-standalone-preset.js {"metadata":{}}
[2026-06-21 19:38:26] [INFO]: GET /api-docs/swagger-ui-init.js {"metadata":{}}
[2026-06-21 19:38:27] [INFO]: GET /api-docs/favicon-32x32.png {"metadata":{}}
[2026-06-21 19:43:24] [INFO]: Swagger API docs mounted on /api-docs {"metadata":{}}
[2026-06-21 19:43:25] [INFO]: SQLite database schema parsed and seeded successfully {"metadata":{}}
[2026-06-21 19:43:25] [INFO]: CAFFIX Vending server running on http://localhost:5000 {"metadata":{}}
[2026-06-21 19:43:25] [INFO]: Swagger interactive docs: http://localhost:5000/api-docs {"metadata":{}}
[2026-06-21 19:44:04] [INFO]: POST /api/auth/login {"metadata":{}}
[2026-06-21 19:44:05] [INFO]: User logged in: kiosk01@caffix.com {"metadata":{}}
[2026-06-21 19:44:05] [INFO]: GET /api/products {"metadata":{}}
[2026-06-21 19:44:05] [INFO]: GET /api/machine-status {"metadata":{}}
[2026-06-21 19:44:57] [INFO]: POST /api/orders/create {"metadata":{}}
[2026-06-21 19:44:57] [INFO]: Created PENDING order CFX-70297 {"metadata":{}}
[2026-06-21 19:45:05] [INFO]: PUT /api/orders/CFX-70297/status {"metadata":{}}
[2026-06-21 19:45:05] [INFO]: Deducted ingredients for order ID CFX-70297 on transition from PENDING to PAID {"metadata":{}}
[2026-06-21 19:45:05] [INFO]: Updated order CFX-70297 status from PENDING to PAID {"metadata":{}}
[2026-06-21 19:45:15] [INFO]: PUT /api/orders/CFX-70297/status {"metadata":{}}
[2026-06-21 19:45:15] [INFO]: Updated order CFX-70297 status from PAID to COMPLETED {"metadata":{}}
[2026-06-21 19:45:25] [INFO]: GET /api/products {"metadata":{}}
[2026-06-21 19:45:25] [INFO]: GET /api/machine-status {"metadata":{}}
[2026-06-21 19:46:28] [INFO]: POST /api/auth/login {"metadata":{}}
[2026-06-21 19:46:29] [INFO]: User logged in: kiosk01@caffix.com {"metadata":{}}
[2026-06-21 19:46:29] [INFO]: GET /api/products {"metadata":{}}
[2026-06-21 19:46:29] [INFO]: GET /api/machine-status {"metadata":{}}
[2026-06-21 19:47:00] [INFO]: POST /api/auth/login {"metadata":{}}
[2026-06-21 19:47:00] [INFO]: User logged in: admin@caffix.com {"metadata":{}}
[2026-06-21 19:47:00] [INFO]: GET /api/orders {"metadata":{}}
[2026-06-21 19:47:00] [INFO]: GET /api/products {"metadata":{}}
[2026-06-21 19:47:00] [INFO]: GET /api/machine-status {"metadata":{}}
[2026-06-21 19:47:44] [INFO]: POST /api/machines/CFX-MC-01/refill {"metadata":{}}
[2026-06-21 19:47:44] [INFO]: Refilled hazelnut for machine ID CFX-MC-01 {"metadata":{}}
[2026-06-21 19:47:44] [INFO]: GET /api/orders {"metadata":{}}
[2026-06-21 19:47:44] [INFO]: GET /api/products {"metadata":{}}
[2026-06-21 19:47:44] [INFO]: GET /api/machine-status {"metadata":{}}
[2026-06-21 19:47:53] [INFO]: GET /api/products {"metadata":{}}
[2026-06-21 19:47:53] [INFO]: GET /api/machine-status {"metadata":{}}
[2026-06-21 19:49:55] [INFO]: POST /api/orders/create {"metadata":{}}
[2026-06-21 19:49:55] [INFO]: Created PENDING order CFX-82194 {"metadata":{}}
[2026-06-21 19:50:04] [INFO]: PUT /api/orders/CFX-82194/status {"metadata":{}}
[2026-06-21 19:50:04] [INFO]: Deducted ingredients for order ID CFX-82194 on transition from PENDING to PAID {"metadata":{}}
[2026-06-21 19:50:04] [INFO]: Updated order CFX-82194 status from PENDING to PAID {"metadata":{}}
[2026-06-21 19:50:13] [INFO]: PUT /api/orders/CFX-82194/status {"metadata":{}}
[2026-06-21 19:50:14] [INFO]: Updated order CFX-82194 status from PAID to COMPLETED {"metadata":{}}
[2026-06-21 19:50:24] [INFO]: GET /api/products {"metadata":{}}
[2026-06-21 19:50:24] [INFO]: GET /api/machine-status {"metadata":{}}
[2026-06-21 19:51:52] [INFO]: POST /api/auth/login {"metadata":{}}
[2026-06-21 19:51:52] [INFO]: User logged in: admin@caffix.com {"metadata":{}}
[2026-06-21 19:51:52] [INFO]: GET /api/orders {"metadata":{}}
[2026-06-21 19:51:52] [INFO]: GET /api/products {"metadata":{}}
[2026-06-21 19:51:52] [INFO]: GET /api/machine-status {"metadata":{}}
[2026-06-21 19:52:41] [INFO]: PUT /api/products/1/price {"metadata":{}}
[2026-06-21 19:52:41] [INFO]: Product ID 1 price updated to ₹3535 {"metadata":{}}
[2026-06-21 19:52:41] [INFO]: PUT /api/products/2/price {"metadata":{}}
[2026-06-21 19:52:41] [INFO]: Product ID 2 price updated to ₹40 {"metadata":{}}
[2026-06-21 19:52:41] [INFO]: PUT /api/products/3/price {"metadata":{}}
[2026-06-21 19:52:41] [INFO]: Product ID 3 price updated to ₹50 {"metadata":{}}
[2026-06-21 19:52:41] [INFO]: GET /api/orders {"metadata":{}}
[2026-06-21 19:52:41] [INFO]: GET /api/products {"metadata":{}}
[2026-06-21 19:52:41] [INFO]: GET /api/machine-status {"metadata":{}}
[2026-06-21 19:52:52] [INFO]: GET /api/products {"metadata":{}}
[2026-06-21 19:52:52] [INFO]: GET /api/machine-status {"metadata":{}}
[2026-06-21 20:03:25] [INFO]: POST /api/orders/create {"metadata":{}}
[2026-06-21 20:03:25] [INFO]: Created PENDING order CFX-93782 {"metadata":{}}
[2026-06-21 20:03:26] [INFO]: PUT /api/orders/CFX-93782/status {"metadata":{}}
[2026-06-21 20:03:26] [INFO]: Deducted ingredients for order ID CFX-93782 on transition from PENDING to PAID {"metadata":{}}
[2026-06-21 20:03:26] [INFO]: Updated order CFX-93782 status from PENDING to PAID {"metadata":{}}
[2026-06-21 20:03:36] [INFO]: PUT /api/orders/CFX-93782/status {"metadata":{}}
[2026-06-21 20:03:36] [INFO]: Updated order CFX-93782 status from PAID to COMPLETED {"metadata":{}}
[2026-06-21 20:03:37] [INFO]: GET /api/products {"metadata":{}}
[2026-06-21 20:03:37] [INFO]: GET /api/machine-status {"metadata":{}}
[2026-06-21 20:03:41] [INFO]: POST /api/auth/login {"metadata":{}}
[2026-06-21 20:03:41] [INFO]: User logged in: admin@caffix.com {"metadata":{}}
[2026-06-21 20:03:41] [INFO]: GET /api/orders {"metadata":{}}
[2026-06-21 20:03:41] [INFO]: GET /api/products {"metadata":{}}
[2026-06-21 20:03:41] [INFO]: GET /api/machine-status {"metadata":{}}
[2026-06-21 20:03:51] [INFO]: PUT /api/products/1/price {"metadata":{}}
[2026-06-21 20:03:51] [INFO]: Product ID 1 price updated to ₹100 {"metadata":{}}
[2026-06-21 20:03:51] [INFO]: PUT /api/products/2/price {"metadata":{}}
[2026-06-21 20:03:51] [INFO]: Product ID 2 price updated to ₹40 {"metadata":{}}
[2026-06-21 20:03:51] [INFO]: PUT /api/products/3/price {"metadata":{}}
[2026-06-21 20:03:51] [INFO]: Product ID 3 price updated to ₹50 {"metadata":{}}
[2026-06-21 20:03:51] [INFO]: GET /api/orders {"metadata":{}}
[2026-06-21 20:03:51] [INFO]: GET /api/products {"metadata":{}}
[2026-06-21 20:03:51] [INFO]: GET /api/machine-status {"metadata":{}}
[2026-06-21 20:03:54] [INFO]: PUT /api/products/1/price {"metadata":{}}
[2026-06-21 20:03:54] [INFO]: Product ID 1 price updated to ₹100 {"metadata":{}}
[2026-06-21 20:03:54] [INFO]: PUT /api/products/2/price {"metadata":{}}
[2026-06-21 20:03:54] [INFO]: Product ID 2 price updated to ₹40 {"metadata":{}}
[2026-06-21 20:03:54] [INFO]: PUT /api/products/3/price {"metadata":{}}
[2026-06-21 20:03:54] [INFO]: Product ID 3 price updated to ₹100 {"metadata":{}}
[2026-06-21 20:03:54] [INFO]: GET /api/orders {"metadata":{}}
[2026-06-21 20:03:54] [INFO]: GET /api/products {"metadata":{}}
[2026-06-21 20:03:54] [INFO]: GET /api/machine-status {"metadata":{}}
[2026-06-21 20:03:59] [INFO]: PUT /api/products/1/price {"metadata":{}}
[2026-06-21 20:03:59] [INFO]: Product ID 1 price updated to ₹100 {"metadata":{}}
[2026-06-21 20:03:59] [INFO]: PUT /api/products/2/price {"metadata":{}}
[2026-06-21 20:03:59] [INFO]: Product ID 2 price updated to ₹100 {"metadata":{}}
[2026-06-21 20:03:59] [INFO]: PUT /api/products/3/price {"metadata":{}}
[2026-06-21 20:03:59] [INFO]: Product ID 3 price updated to ₹100 {"metadata":{}}
[2026-06-21 20:03:59] [INFO]: GET /api/orders {"metadata":{}}
[2026-06-21 20:03:59] [INFO]: GET /api/products {"metadata":{}}
[2026-06-21 20:03:59] [INFO]: GET /api/machine-status {"metadata":{}}
[2026-06-21 20:04:06] [INFO]: POST /api/machines/CFX-MC-01/refill {"metadata":{}}
[2026-06-21 20:04:06] [INFO]: Refilled ALL for machine ID CFX-MC-01 {"metadata":{}}
[2026-06-21 20:04:06] [INFO]: GET /api/orders {"metadata":{}}
[2026-06-21 20:04:06] [INFO]: GET /api/products {"metadata":{}}
[2026-06-21 20:04:06] [INFO]: GET /api/machine-status {"metadata":{}}
[2026-06-21 20:04:17] [INFO]: GET /api/products {"metadata":{}}
[2026-06-21 20:04:17] [INFO]: GET /api/machine-status {"metadata":{}}
[2026-06-21 20:05:33] [INFO]: POST /api/orders/create {"metadata":{}}
[2026-06-21 20:05:33] [INFO]: Created PENDING order CFX-84766 {"metadata":{}}
[2026-06-21 20:05:42] [INFO]: PUT /api/orders/CFX-84766/status {"metadata":{}}
[2026-06-21 20:05:42] [INFO]: Updated order CFX-84766 status from PENDING to CANCELLED {"metadata":{}}
[2026-06-21 20:05:50] [INFO]: POST /api/auth/login {"metadata":{}}
[2026-06-21 20:05:50] [INFO]: User logged in: admin@caffix.com {"metadata":{}}
[2026-06-21 20:05:50] [INFO]: GET /api/orders {"metadata":{}}
[2026-06-21 20:05:50] [INFO]: GET /api/products {"metadata":{}}
[2026-06-21 20:05:50] [INFO]: GET /api/machine-status {"metadata":{}}
[2026-06-21 20:06:04] [INFO]: POST /api/machines/CFX-MC-01/refill {"metadata":{}}
[2026-06-21 20:06:04] [INFO]: Refilled ALL for machine ID CFX-MC-01 {"metadata":{}}
[2026-06-21 20:06:04] [INFO]: GET /api/orders {"metadata":{}}
[2026-06-21 20:06:04] [INFO]: GET /api/products {"metadata":{}}
[2026-06-21 20:06:04] [INFO]: GET /api/machine-status {"metadata":{}}
[2026-06-21 20:06:30] [INFO]: PUT /api/products/1/price {"metadata":{}}
[2026-06-21 20:06:30] [INFO]: Product ID 1 price updated to ₹50 {"metadata":{}}
[2026-06-21 20:06:30] [INFO]: PUT /api/products/2/price {"metadata":{}}
[2026-06-21 20:06:30] [INFO]: Product ID 2 price updated to ₹100 {"metadata":{}}
[2026-06-21 20:06:30] [INFO]: PUT /api/products/3/price {"metadata":{}}
[2026-06-21 20:06:30] [INFO]: Product ID 3 price updated to ₹100 {"metadata":{}}
[2026-06-21 20:06:30] [INFO]: GET /api/orders {"metadata":{}}
[2026-06-21 20:06:30] [INFO]: GET /api/products {"metadata":{}}
[2026-06-21 20:06:30] [INFO]: GET /api/machine-status {"metadata":{}}
[2026-06-21 20:06:37] [INFO]: GET /api/products {"metadata":{}}
[2026-06-21 20:06:37] [INFO]: GET /api/machine-status {"metadata":{}}
[2026-06-21 20:06:54] [INFO]: POST /api/auth/login {"metadata":{}}
[2026-06-21 20:06:55] [INFO]: User logged in: kiosk01@caffix.com {"metadata":{}}
[2026-06-21 20:06:55] [INFO]: GET /api/products {"metadata":{}}
[2026-06-21 20:06:55] [INFO]: GET /api/machine-status {"metadata":{}}
[2026-06-21 20:06:57] [INFO]: POST /api/orders/create {"metadata":{}}
[2026-06-21 20:06:57] [INFO]: Created PENDING order CFX-84650 {"metadata":{}}
[2026-06-21 20:07:06] [INFO]: PUT /api/orders/CFX-84650/status {"metadata":{}}
[2026-06-21 20:07:06] [INFO]: Updated order CFX-84650 status from PENDING to CANCELLED {"metadata":{}}
[2026-06-21 20:36:37] [INFO]: POST /api/orders/create {"metadata":{}}
[2026-06-21 20:36:37] [INFO]: Created PENDING order CFX-60208 {"metadata":{}}
[2026-06-21 20:36:40] [INFO]: PUT /api/orders/CFX-60208/status {"metadata":{}}
[2026-06-21 20:36:40] [INFO]: Updated order CFX-60208 status from PENDING to CANCELLED {"metadata":{}}
[2026-06-21 20:37:00] [INFO]: POST /api/auth/login {"metadata":{}}
[2026-06-21 20:37:00] [INFO]: User logged in: admin@caffix.com {"metadata":{}}
[2026-06-21 20:37:00] [INFO]: GET /api/orders {"metadata":{}}
[2026-06-21 20:37:00] [INFO]: GET /api/products {"metadata":{}}
[2026-06-21 20:37:00] [INFO]: GET /api/machine-status {"metadata":{}}
[2026-06-21 20:40:37] [INFO]: POST /api/auth/login {"metadata":{}}
[2026-06-21 20:40:37] [INFO]: User logged in: kiosk01@caffix.com {"metadata":{}}
[2026-06-21 20:40:37] [INFO]: GET /api/products {"metadata":{}}
[2026-06-21 20:40:37] [INFO]: GET /api/machine-status {"metadata":{}}
[2026-06-21 20:40:41] [INFO]: POST /api/auth/login {"metadata":{}}
[2026-06-21 20:40:41] [INFO]: User logged in: admin@caffix.com {"metadata":{}}
[2026-06-21 20:40:41] [INFO]: GET /api/orders {"metadata":{}}
[2026-06-21 20:40:41] [INFO]: GET /api/products {"metadata":{}}
[2026-06-21 20:40:41] [INFO]: GET /api/machine-status {"metadata":{}}
[2026-06-21 20:42:16] [INFO]: POST /api/auth/login {"metadata":{}}
[2026-06-21 20:42:16] [INFO]: User logged in: kiosk01@caffix.com {"metadata":{}}
[2026-06-21 20:42:16] [INFO]: GET /api/products {"metadata":{}}
[2026-06-21 20:42:16] [INFO]: GET /api/machine-status {"metadata":{}}
[2026-06-21 20:42:21] [INFO]: POST /api/auth/login {"metadata":{}}
[2026-06-21 20:42:21] [INFO]: User logged in: admin@caffix.com {"metadata":{}}
[2026-06-21 20:42:21] [INFO]: GET /api/orders {"metadata":{}}
[2026-06-21 20:42:21] [INFO]: GET /api/products {"metadata":{}}
[2026-06-21 20:42:21] [INFO]: GET /api/machine-status {"metadata":{}}
[2026-06-21 20:47:08] [INFO]: POST /api/auth/login {"metadata":{}}
[2026-06-21 20:47:08] [INFO]: User logged in: kiosk01@caffix.com {"metadata":{}}
[2026-06-21 20:47:08] [INFO]: GET /api/products {"metadata":{}}
[2026-06-21 20:47:08] [INFO]: GET /api/machine-status {"metadata":{}}
[2026-06-21 20:47:15] [INFO]: POST /api/auth/login {"metadata":{}}
[2026-06-21 20:47:15] [INFO]: User logged in: admin@caffix.com {"metadata":{}}
[2026-06-21 20:47:15] [INFO]: GET /api/orders {"metadata":{}}
[2026-06-21 20:47:15] [INFO]: GET /api/products {"metadata":{}}
[2026-06-21 20:47:15] [INFO]: GET /api/machine-status {"metadata":{}}
[2026-06-21 20:49:52] [INFO]: POST /api/auth/login {"metadata":{}}
[2026-06-21 20:49:53] [INFO]: User logged in: kiosk01@caffix.com {"metadata":{}}
[2026-06-21 20:49:53] [INFO]: GET /api/products {"metadata":{}}
[2026-06-21 20:49:53] [INFO]: GET /api/machine-status {"metadata":{}}
[2026-06-21 20:49:59] [INFO]: POST /api/orders/create {"metadata":{}}
[2026-06-21 20:49:59] [INFO]: Created PENDING order CFX-33269 {"metadata":{}}
[2026-06-21 20:50:02] [INFO]: PUT /api/orders/CFX-33269/status {"metadata":{}}
[2026-06-21 20:50:02] [INFO]: Updated order CFX-33269 status from PENDING to CANCELLED {"metadata":{}}
[2026-06-21 20:50:08] [INFO]: POST /api/auth/login {"metadata":{}}
[2026-06-21 20:50:08] [INFO]: User logged in: admin@caffix.com {"metadata":{}}
[2026-06-21 20:50:08] [INFO]: GET /api/orders {"metadata":{}}
[2026-06-21 20:50:08] [INFO]: GET /api/products {"metadata":{}}
[2026-06-21 20:50:08] [INFO]: GET /api/machine-status {"metadata":{}}
[2026-06-21 20:50:20] [INFO]: GET /api/products {"metadata":{}}
[2026-06-21 20:50:20] [INFO]: GET /api/machine-status {"metadata":{}}
[2026-06-21 20:50:22] [INFO]: POST /api/orders/create {"metadata":{}}
[2026-06-21 20:50:22] [INFO]: Created PENDING order CFX-67616 {"metadata":{}}
[2026-06-21 20:50:23] [INFO]: PUT /api/orders/CFX-67616/status {"metadata":{}}
[2026-06-21 20:50:23] [INFO]: Updated order CFX-67616 status from PENDING to CANCELLED {"metadata":{}}
[2026-06-21 20:50:28] [INFO]: POST /api/auth/login {"metadata":{}}
[2026-06-21 20:50:28] [INFO]: User logged in: admin@caffix.com {"metadata":{}}
[2026-06-21 20:50:28] [INFO]: GET /api/orders {"metadata":{}}
[2026-06-21 20:50:28] [INFO]: GET /api/products {"metadata":{}}
[2026-06-21 20:50:28] [INFO]: GET /api/machine-status {"metadata":{}}
[2026-06-21 20:50:38] [INFO]: GET /api/products {"metadata":{}}
[2026-06-21 20:50:38] [INFO]: GET /api/machine-status {"metadata":{}}
[2026-06-21 20:50:51] [INFO]: POST /api/auth/login {"metadata":{}}
[2026-06-21 20:50:51] [INFO]: User logged in: admin@caffix.com {"metadata":{}}
[2026-06-21 20:50:51] [INFO]: GET /api/orders {"metadata":{}}
[2026-06-21 20:50:51] [INFO]: GET /api/products {"metadata":{}}
[2026-06-21 20:50:51] [INFO]: GET /api/machine-status {"metadata":{}}
[2026-06-21 20:51:02] [INFO]: PUT /api/products/1/price {"metadata":{}}
[2026-06-21 20:51:02] [INFO]: Product ID 1 price updated to ₹100 {"metadata":{}}
[2026-06-21 20:51:02] [INFO]: PUT /api/products/2/price {"metadata":{}}
[2026-06-21 20:51:02] [INFO]: Product ID 2 price updated to ₹100 {"metadata":{}}
[2026-06-21 20:51:02] [INFO]: PUT /api/products/3/price {"metadata":{}}
[2026-06-21 20:51:03] [INFO]: Product ID 3 price updated to ₹100 {"metadata":{}}
[2026-06-21 20:51:03] [INFO]: GET /api/orders {"metadata":{}}
[2026-06-21 20:51:03] [INFO]: GET /api/products {"metadata":{}}
[2026-06-21 20:51:03] [INFO]: GET /api/machine-status {"metadata":{}}
[2026-06-21 20:51:05] [INFO]: GET /api/products {"metadata":{}}
[2026-06-21 20:51:05] [INFO]: GET /api/machine-status {"metadata":{}}
[2026-06-21 21:02:45] [INFO]: POST /api/auth/login {"metadata":{}}
[2026-06-21 21:02:45] [INFO]: User logged in: kiosk01@caffix.com {"metadata":{}}
[2026-06-21 21:02:45] [INFO]: GET /api/products {"metadata":{}}
[2026-06-21 21:02:45] [INFO]: GET /api/machine-status {"metadata":{}}
[2026-06-21 21:02:46] [INFO]: POST /api/auth/login {"metadata":{}}
[2026-06-21 21:02:47] [INFO]: User logged in: kiosk01@caffix.com {"metadata":{}}
[2026-06-21 21:02:47] [INFO]: POST /api/auth/login {"metadata":{}}
[2026-06-21 21:02:47] [INFO]: User logged in: kiosk01@caffix.com {"metadata":{}}
[2026-06-21 21:02:47] [INFO]: GET /api/products {"metadata":{}}
[2026-06-21 21:02:47] [INFO]: GET /api/machine-status {"metadata":{}}
[2026-06-21 21:03:10] [INFO]: POST /api/auth/login {"metadata":{}}
[2026-06-21 21:03:10] [INFO]: User logged in: kiosk01@caffix.com {"metadata":{}}
[2026-06-21 21:03:10] [INFO]: POST /api/auth/login {"metadata":{}}
[2026-06-21 21:03:11] [INFO]: User logged in: kiosk01@caffix.com {"metadata":{}}
[2026-06-21 21:03:11] [INFO]: POST /api/auth/login {"metadata":{}}
[2026-06-21 21:03:11] [INFO]: User logged in: kiosk01@caffix.com {"metadata":{}}
[2026-06-21 21:03:11] [INFO]: GET /api/products {"metadata":{}}
[2026-06-21 21:03:11] [INFO]: GET /api/machine-status {"metadata":{}}
[2026-06-21 21:04:15] [INFO]: POST /api/auth/login {"metadata":{}}
[2026-06-21 21:04:15] [INFO]: User logged in: kiosk01@caffix.com {"metadata":{}}
[2026-06-21 21:04:15] [INFO]: GET /api/products {"metadata":{}}
[2026-06-21 21:04:15] [INFO]: GET /api/machine-status {"metadata":{}}
[2026-06-21 21:04:27] [INFO]: POST /api/auth/login {"metadata":{}}
[2026-06-21 21:04:27] [INFO]: User logged in: kiosk01@caffix.com {"metadata":{}}
[2026-06-21 21:04:27] [INFO]: GET /api/products {"metadata":{}}
[2026-06-21 21:04:27] [INFO]: GET /api/machine-status {"metadata":{}}
[2026-06-21 21:05:26] [INFO]: POST /api/auth/login {"metadata":{}}
[2026-06-21 21:05:26] [INFO]: User logged in: kiosk01@caffix.com {"metadata":{}}
[2026-06-21 21:05:26] [INFO]: GET /api/products {"metadata":{}}
[2026-06-21 21:05:26] [INFO]: GET /api/machine-status {"metadata":{}}
[2026-06-22 09:06:13] [INFO]: Swagger API docs mounted on /api-docs {"metadata":{}}
[2026-06-22 09:06:13] [INFO]: SQLite database schema parsed and seeded successfully {"metadata":{}}
[2026-06-22 09:06:13] [INFO]: CAFFIX Vending server running on http://localhost:5000 {"metadata":{}}
[2026-06-22 09:06:13] [INFO]: Swagger interactive docs: http://localhost:5000/api-docs {"metadata":{}}
[2026-06-22 09:07:46] [INFO]: POST /api/auth/login {"metadata":{}}
[2026-06-22 09:07:46] [INFO]: User logged in: kiosk01@caffix.com {"metadata":{}}
[2026-06-22 09:07:46] [INFO]: GET /api/products {"metadata":{}}
[2026-06-22 09:07:46] [INFO]: GET /api/machine-status {"metadata":{}}
[2026-06-22 09:08:56] [INFO]: POST /api/orders/create {"metadata":{}}
[2026-06-22 09:08:56] [INFO]: Created PENDING order CFX-22057 with Razorpay Order ID order_mock_722205 {"metadata":{}}
[2026-06-22 09:09:13] [INFO]: POST /api/payments/verify {"metadata":{}}
[2026-06-22 09:09:13] [INFO]: Verifying mock Razorpay signature for order CFX-22057 {"metadata":{}}
[2026-06-22 09:09:13] [INFO]: Deducted ingredients for order ID CFX-22057 on transition from PENDING to PAID {"metadata":{}}
[2026-06-22 09:09:13] [INFO]: Updated order CFX-22057 status from PENDING to PAID {"metadata":{}}
[2026-06-22 09:09:13] [INFO]: Successfully verified payment for order CFX-22057. Marked as PAID. {"metadata":{}}
[2026-06-22 09:09:13] [INFO]: PUT /api/orders/CFX-22057/status {"metadata":{}}
[2026-06-22 09:09:13] [INFO]: Updated order CFX-22057 status from PAID to PAID {"metadata":{}}
[2026-06-22 09:09:23] [INFO]: PUT /api/orders/CFX-22057/status {"metadata":{}}
[2026-06-22 09:09:23] [INFO]: Updated order CFX-22057 status from PAID to COMPLETED {"metadata":{}}
[2026-06-22 09:09:34] [INFO]: GET /api/products {"metadata":{}}
[2026-06-22 09:09:34] [INFO]: GET /api/machine-status {"metadata":{}}
[2026-06-22 09:13:24] [INFO]: POST /api/auth/login {"metadata":{}}
[2026-06-22 09:13:24] [INFO]: User logged in: kiosk01@caffix.com {"metadata":{}}
[2026-06-22 09:13:24] [INFO]: GET /api/products {"metadata":{}}
[2026-06-22 09:13:24] [INFO]: GET /api/machine-status {"metadata":{}}
[2026-06-22 09:13:58] [INFO]: POST /api/auth/login {"metadata":{}}
[2026-06-22 09:13:58] [INFO]: User logged in: kiosk01@caffix.com {"metadata":{}}
[2026-06-22 09:13:58] [INFO]: GET /api/products {"metadata":{}}
[2026-06-22 09:13:59] [INFO]: GET /api/machine-status {"metadata":{}}
[2026-06-22 09:14:06] [INFO]: POST /api/auth/login {"metadata":{}}
[2026-06-22 09:14:06] [INFO]: User logged in: kiosk01@caffix.com {"metadata":{}}
[2026-06-22 09:14:06] [INFO]: GET /api/products {"metadata":{}}
[2026-06-22 09:14:06] [INFO]: GET /api/machine-status {"metadata":{}}
[2026-06-22 09:15:20] [INFO]: POST /api/auth/login {"metadata":{}}
[2026-06-22 09:15:20] [INFO]: User logged in: kiosk01@caffix.com {"metadata":{}}
[2026-06-22 09:15:20] [INFO]: GET /api/products {"metadata":{}}
[2026-06-22 09:15:20] [INFO]: GET /api/machine-status {"metadata":{}}
[2026-06-22 09:16:26] [INFO]: POST /api/auth/login {"metadata":{}}
[2026-06-22 09:16:26] [INFO]: User logged in: kiosk01@caffix.com {"metadata":{}}
[2026-06-22 09:16:27] [INFO]: GET /api/products {"metadata":{}}
[2026-06-22 09:16:27] [INFO]: GET /api/machine-status {"metadata":{}}
[2026-06-22 09:19:43] [INFO]: POST /api/auth/login {"metadata":{}}
[2026-06-22 09:19:43] [INFO]: User logged in: admin@caffix.com {"metadata":{}}
[2026-06-22 09:19:43] [INFO]: GET /api/orders {"metadata":{}}
[2026-06-22 09:19:43] [INFO]: GET /api/products {"metadata":{}}
[2026-06-22 09:19:43] [INFO]: GET /api/machine-status {"metadata":{}}
[2026-06-22 09:20:13] [INFO]: GET /api/products {"metadata":{}}
[2026-06-22 09:20:13] [INFO]: GET /api/machine-status {"metadata":{}}
[2026-06-22 09:21:57] [INFO]: POST /api/auth/login {"metadata":{}}
[2026-06-22 09:21:57] [INFO]: User logged in: kiosk01@caffix.com {"metadata":{}}
[2026-06-22 09:21:57] [INFO]: GET /api/products {"metadata":{}}
[2026-06-22 09:21:57] [INFO]: GET /api/machine-status {"metadata":{}}
[2026-06-22 09:22:02] [INFO]: POST /api/orders/create {"metadata":{}}
[2026-06-22 09:22:02] [INFO]: Created PENDING order CFX-81900 with Razorpay Order ID order_mock_572302 {"metadata":{}}
[2026-06-22 09:22:07] [INFO]: POST /api/payments/verify {"metadata":{}}
[2026-06-22 09:22:07] [INFO]: Verifying mock Razorpay signature for order CFX-81900 {"metadata":{}}
[2026-06-22 09:22:07] [INFO]: Deducted ingredients for order ID CFX-81900 on transition from PENDING to PAID {"metadata":{}}
[2026-06-22 09:22:07] [INFO]: Updated order CFX-81900 status from PENDING to PAID {"metadata":{}}
[2026-06-22 09:22:07] [INFO]: Successfully verified payment for order CFX-81900. Marked as PAID. {"metadata":{}}
[2026-06-22 09:22:07] [INFO]: PUT /api/orders/CFX-81900/status {"metadata":{}}
[2026-06-22 09:22:07] [INFO]: Updated order CFX-81900 status from PAID to PAID {"metadata":{}}
[2026-06-22 09:22:16] [INFO]: PUT /api/orders/CFX-81900/status {"metadata":{}}
[2026-06-22 09:22:16] [INFO]: Updated order CFX-81900 status from PAID to COMPLETED {"metadata":{}}
[2026-06-22 09:22:18] [INFO]: GET /api/products {"metadata":{}}
[2026-06-22 09:22:18] [INFO]: GET /api/machine-status {"metadata":{}}
[2026-06-22 09:22:22] [INFO]: POST /api/orders/create {"metadata":{}}
[2026-06-22 09:22:22] [INFO]: Created PENDING order CFX-89646 with Razorpay Order ID order_mock_203736 {"metadata":{}}
[2026-06-22 09:22:34] [INFO]: POST /api/payments/verify {"metadata":{}}
[2026-06-22 09:22:34] [INFO]: Verifying mock Razorpay signature for order CFX-89646 {"metadata":{}}
[2026-06-22 09:22:34] [INFO]: Deducted ingredients for order ID CFX-89646 on transition from PENDING to PAID {"metadata":{}}
[2026-06-22 09:22:34] [INFO]: Updated order CFX-89646 status from PENDING to PAID {"metadata":{}}
[2026-06-22 09:22:34] [INFO]: Successfully verified payment for order CFX-89646. Marked as PAID. {"metadata":{}}
[2026-06-22 09:22:34] [INFO]: PUT /api/orders/CFX-89646/status {"metadata":{}}
[2026-06-22 09:22:34] [INFO]: Updated order CFX-89646 status from PAID to PAID {"metadata":{}}
[2026-06-22 09:22:41] [INFO]: POST /api/auth/login {"metadata":{}}
[2026-06-22 09:22:42] [INFO]: User logged in: kiosk01@caffix.com {"metadata":{}}
[2026-06-22 09:22:42] [INFO]: GET /api/products {"metadata":{}}
[2026-06-22 09:22:42] [INFO]: GET /api/machine-status {"metadata":{}}
[2026-06-22 09:22:45] [INFO]: POST /api/auth/login {"metadata":{}}
[2026-06-22 09:22:45] [INFO]: User logged in: kiosk01@caffix.com {"metadata":{}}
[2026-06-22 09:22:46] [INFO]: POST /api/auth/login {"metadata":{}}
[2026-06-22 09:22:46] [INFO]: User logged in: kiosk01@caffix.com {"metadata":{}}
[2026-06-22 09:22:46] [INFO]: GET /api/products {"metadata":{}}
[2026-06-22 09:22:46] [INFO]: GET /api/machine-status {"metadata":{}}
[2026-06-22 09:22:50] [INFO]: POST /api/auth/login {"metadata":{}}
[2026-06-22 09:22:50] [INFO]: User logged in: admin@caffix.com {"metadata":{}}
[2026-06-22 09:22:50] [INFO]: GET /api/orders {"metadata":{}}
[2026-06-22 09:22:50] [INFO]: GET /api/products {"metadata":{}}
[2026-06-22 09:22:50] [INFO]: GET /api/machine-status {"metadata":{}}
[2026-06-22 09:23:07] [INFO]: PATCH /api/machines/CFX-MC-01/status {"metadata":{}}
[2026-06-22 09:23:07] [INFO]: Machine CFX-MC-01 status updated to maintenance {"metadata":{}}
[2026-06-22 09:23:07] [INFO]: GET /api/orders {"metadata":{}}
[2026-06-22 09:23:07] [INFO]: GET /api/products {"metadata":{}}
[2026-06-22 09:23:07] [INFO]: GET /api/machine-status {"metadata":{}}
[2026-06-22 09:23:09] [INFO]: GET /api/products {"metadata":{}}
[2026-06-22 09:23:09] [INFO]: GET /api/machine-status {"metadata":{}}
[2026-06-22 09:23:23] [INFO]: POST /api/auth/login {"metadata":{}}
[2026-06-22 09:23:24] [INFO]: User logged in: admin@caffix.com {"metadata":{}}
[2026-06-22 09:23:24] [INFO]: GET /api/orders {"metadata":{}}
[2026-06-22 09:23:24] [INFO]: GET /api/products {"metadata":{}}
[2026-06-22 09:23:24] [INFO]: GET /api/machine-status {"metadata":{}}
[2026-06-22 09:23:27] [INFO]: PATCH /api/machines/CFX-MC-01/status {"metadata":{}}
[2026-06-22 09:23:27] [INFO]: Machine CFX-MC-01 status updated to online {"metadata":{}}
[2026-06-22 09:23:27] [INFO]: GET /api/orders {"metadata":{}}
[2026-06-22 09:23:27] [INFO]: GET /api/products {"metadata":{}}
[2026-06-22 09:23:27] [INFO]: GET /api/machine-status {"metadata":{}}
[2026-06-22 09:23:46] [INFO]: GET /api/products {"metadata":{}}
[2026-06-22 09:23:46] [INFO]: GET /api/machine-status {"metadata":{}}
[2026-06-22 09:23:52] [INFO]: POST /api/orders/create {"metadata":{}}
[2026-06-22 09:23:52] [INFO]: Created PENDING order CFX-38513 with Razorpay Order ID order_mock_838419 {"metadata":{}}
[2026-06-22 09:23:59] [INFO]: PUT /api/orders/CFX-38513/status {"metadata":{}}
[2026-06-22 09:23:59] [INFO]: Updated order CFX-38513 status from PENDING to CANCELLED {"metadata":{}}
[2026-06-22 09:32:02] [INFO]: POST /api/orders/create {"metadata":{}}
[2026-06-22 09:32:03] [INFO]: Created PENDING order CFX-30405 with Razorpay Order ID order_mock_859084 {"metadata":{}}
[2026-06-22 09:32:17] [INFO]: PUT /api/orders/CFX-30405/status {"metadata":{}}
[2026-06-22 09:32:17] [INFO]: Updated order CFX-30405 status from PENDING to CANCELLED {"metadata":{}}
[2026-06-22 09:32:39] [INFO]: POST /api/auth/login {"metadata":{}}
[2026-06-22 09:32:39] [INFO]: User logged in: kiosk01@caffix.com {"metadata":{}}
[2026-06-22 09:32:39] [INFO]: GET /api/products {"metadata":{}}
[2026-06-22 09:32:39] [INFO]: GET /api/machine-status {"metadata":{}}
[2026-06-22 09:33:05] [INFO]: POST /api/auth/login {"metadata":{}}
[2026-06-22 09:33:05] [INFO]: User logged in: admin@caffix.com {"metadata":{}}
[2026-06-22 09:33:05] [INFO]: GET /api/orders {"metadata":{}}
[2026-06-22 09:33:05] [INFO]: GET /api/products {"metadata":{}}
[2026-06-22 09:33:05] [INFO]: GET /api/machine-status {"metadata":{}}
[2026-06-22 09:35:47] [INFO]: GET /api/products {"metadata":{}}
[2026-06-22 09:35:47] [INFO]: GET /api/machine-status {"metadata":{}}
[2026-06-22 09:36:02] [INFO]: POST /api/orders/create {"metadata":{}}
[2026-06-22 09:36:02] [INFO]: Created PENDING order CFX-89269 with Razorpay Order ID order_mock_179751 {"metadata":{}}
[2026-06-22 09:36:16] [INFO]: PUT /api/orders/CFX-89269/status {"metadata":{}}
[2026-06-22 09:36:16] [INFO]: Updated order CFX-89269 status from PENDING to CANCELLED {"metadata":{}}
[2026-06-22 09:36:23] [INFO]: POST /api/auth/login {"metadata":{}}
[2026-06-22 09:36:23] [INFO]: User logged in: admin@caffix.com {"metadata":{}}
[2026-06-22 09:36:23] [INFO]: GET /api/orders {"metadata":{}}
[2026-06-22 09:36:23] [INFO]: GET /api/products {"metadata":{}}
[2026-06-22 09:36:23] [INFO]: GET /api/machine-status {"metadata":{}}
[2026-06-22 09:37:23] [INFO]: GET /api/products {"metadata":{}}
[2026-06-22 09:37:23] [INFO]: GET /api/machine-status {"metadata":{}}
[2026-06-22 09:37:26] [INFO]: POST /api/orders/create {"metadata":{}}
[2026-06-22 09:37:26] [INFO]: Created PENDING order CFX-22494 with Razorpay Order ID order_mock_898289 {"metadata":{}}
[2026-06-22 09:37:29] [INFO]: PUT /api/orders/CFX-22494/status {"metadata":{}}
[2026-06-22 09:37:29] [INFO]: Updated order CFX-22494 status from PENDING to CANCELLED {"metadata":{}}
[2026-06-22 09:37:39] [INFO]: POST /api/auth/login {"metadata":{}}
[2026-06-22 09:37:39] [INFO]: User logged in: admin@caffix.com {"metadata":{}}
[2026-06-22 09:37:39] [INFO]: GET /api/orders {"metadata":{}}
[2026-06-22 09:37:39] [INFO]: GET /api/products {"metadata":{}}
[2026-06-22 09:37:39] [INFO]: GET /api/machine-status {"metadata":{}}
[2026-06-22 09:37:42] [INFO]: GET /api/products {"metadata":{}}
[2026-06-22 09:37:42] [INFO]: GET /api/machine-status {"metadata":{}}
[2026-06-22 09:37:47] [INFO]: POST /api/orders/create {"metadata":{}}
[2026-06-22 09:37:47] [INFO]: Created PENDING order CFX-87756 with Razorpay Order ID order_mock_505600 {"metadata":{}}
[2026-06-22 09:37:48] [INFO]: PUT /api/orders/CFX-87756/status {"metadata":{}}
[2026-06-22 09:37:48] [INFO]: Updated order CFX-87756 status from PENDING to CANCELLED {"metadata":{}}
[2026-06-22 09:37:51] [INFO]: POST /api/orders/create {"metadata":{}}
[2026-06-22 09:37:51] [INFO]: Created PENDING order CFX-77456 with Razorpay Order ID order_mock_134175 {"metadata":{}}
[2026-06-22 09:37:53] [INFO]: PUT /api/orders/CFX-77456/status {"metadata":{}}
[2026-06-22 09:37:53] [INFO]: Updated order CFX-77456 status from PENDING to CANCELLED {"metadata":{}}
[2026-06-22 09:37:56] [INFO]: POST /api/orders/create {"metadata":{}}
[2026-06-22 09:37:56] [INFO]: Created PENDING order CFX-61909 with Razorpay Order ID order_mock_177749 {"metadata":{}}
[2026-06-22 09:37:56] [INFO]: PUT /api/orders/CFX-61909/status {"metadata":{}}
[2026-06-22 09:37:56] [INFO]: Updated order CFX-61909 status from PENDING to CANCELLED {"metadata":{}}
[2026-06-22 09:37:58] [INFO]: POST /api/orders/create {"metadata":{}}
[2026-06-22 09:37:58] [INFO]: Created PENDING order CFX-24396 with Razorpay Order ID order_mock_652893 {"metadata":{}}
[2026-06-22 09:37:59] [INFO]: PUT /api/orders/CFX-24396/status {"metadata":{}}
[2026-06-22 09:37:59] [INFO]: Updated order CFX-24396 status from PENDING to CANCELLED {"metadata":{}}
[2026-06-22 09:38:03] [INFO]: POST /api/orders/create {"metadata":{}}
[2026-06-22 09:38:03] [INFO]: Created PENDING order CFX-66901 with Razorpay Order ID order_mock_835486 {"metadata":{}}
[2026-06-22 09:38:04] [INFO]: PUT /api/orders/CFX-66901/status {"metadata":{}}
[2026-06-22 09:38:04] [INFO]: Updated order CFX-66901 status from PENDING to CANCELLED {"metadata":{}}
[2026-06-22 09:38:05] [INFO]: POST /api/orders/create {"metadata":{}}
[2026-06-22 09:38:05] [INFO]: Created PENDING order CFX-93886 with Razorpay Order ID order_mock_115774 {"metadata":{}}
[2026-06-22 09:38:06] [INFO]: PUT /api/orders/CFX-93886/status {"metadata":{}}
[2026-06-22 09:38:06] [INFO]: Updated order CFX-93886 status from PENDING to CANCELLED {"metadata":{}}
[2026-06-22 09:38:08] [INFO]: POST /api/orders/create {"metadata":{}}
[2026-06-22 09:38:08] [INFO]: Created PENDING order CFX-35582 with Razorpay Order ID order_mock_425590 {"metadata":{}}
[2026-06-22 09:38:09] [INFO]: PUT /api/orders/CFX-35582/status {"metadata":{}}
[2026-06-22 09:38:09] [INFO]: Updated order CFX-35582 status from PENDING to CANCELLED {"metadata":{}}
[2026-06-22 09:38:11] [INFO]: POST /api/orders/create {"metadata":{}}
[2026-06-22 09:38:11] [INFO]: Created PENDING order CFX-13207 with Razorpay Order ID order_mock_899941 {"metadata":{}}
[2026-06-22 09:38:11] [INFO]: PUT /api/orders/CFX-13207/status {"metadata":{}}
[2026-06-22 09:38:11] [INFO]: Updated order CFX-13207 status from PENDING to CANCELLED {"metadata":{}}
[2026-06-22 09:38:23] [INFO]: POST /api/auth/login {"metadata":{}}
[2026-06-22 09:38:23] [INFO]: User logged in: admin@caffix.com {"metadata":{}}
[2026-06-22 09:38:23] [INFO]: GET /api/orders {"metadata":{}}
[2026-06-22 09:38:23] [INFO]: GET /api/products {"metadata":{}}
[2026-06-22 09:38:23] [INFO]: GET /api/machine-status {"metadata":{}}
[2026-06-22 09:38:30] [INFO]: GET /api/products {"metadata":{}}
[2026-06-22 09:38:30] [INFO]: GET /api/machine-status {"metadata":{}}
[2026-06-22 09:38:33] [INFO]: POST /api/orders/create {"metadata":{}}
[2026-06-22 09:38:33] [INFO]: Created PENDING order CFX-13566 with Razorpay Order ID order_mock_163534 {"metadata":{}}
[2026-06-22 09:38:36] [INFO]: POST /api/payments/verify {"metadata":{}}
[2026-06-22 09:38:36] [INFO]: Verifying mock Razorpay signature for order CFX-13566 {"metadata":{}}
[2026-06-22 09:38:36] [INFO]: Deducted ingredients for order ID CFX-13566 on transition from PENDING to PAID {"metadata":{}}
[2026-06-22 09:38:36] [INFO]: Updated order CFX-13566 status from PENDING to PAID {"metadata":{}}
[2026-06-22 09:38:36] [INFO]: Successfully verified payment for order CFX-13566. Marked as PAID. {"metadata":{}}
[2026-06-22 09:38:36] [INFO]: PUT /api/orders/CFX-13566/status {"metadata":{}}
[2026-06-22 09:38:36] [INFO]: Updated order CFX-13566 status from PAID to PAID {"metadata":{}}
[2026-06-22 09:38:46] [INFO]: PUT /api/orders/CFX-13566/status {"metadata":{}}
[2026-06-22 09:38:46] [INFO]: Updated order CFX-13566 status from PAID to COMPLETED {"metadata":{}}
[2026-06-22 09:38:49] [INFO]: GET /api/products {"metadata":{}}
[2026-06-22 09:38:49] [INFO]: GET /api/machine-status {"metadata":{}}
[2026-06-22 09:38:55] [INFO]: POST /api/auth/login {"metadata":{}}
[2026-06-22 09:38:55] [INFO]: User logged in: admin@caffix.com {"metadata":{}}
[2026-06-22 09:38:55] [INFO]: GET /api/orders {"metadata":{}}
[2026-06-22 09:38:55] [INFO]: GET /api/products {"metadata":{}}
[2026-06-22 09:38:55] [INFO]: GET /api/machine-status {"metadata":{}}
[2026-06-22 09:39:09] [INFO]: GET /api/products {"metadata":{}}
[2026-06-22 09:39:09] [INFO]: GET /api/machine-status {"metadata":{}}
[2026-06-22 09:39:11] [INFO]: POST /api/orders/create {"metadata":{}}
[2026-06-22 09:39:11] [INFO]: Created PENDING order CFX-69042 with Razorpay Order ID order_mock_505381 {"metadata":{}}
[2026-06-22 09:39:16] [INFO]: POST /api/payments/verify {"metadata":{}}
[2026-06-22 09:39:16] [INFO]: Verifying mock Razorpay signature for order CFX-69042 {"metadata":{}}
[2026-06-22 09:39:16] [INFO]: Deducted ingredients for order ID CFX-69042 on transition from PENDING to PAID {"metadata":{}}
[2026-06-22 09:39:16] [INFO]: Updated order CFX-69042 status from PENDING to PAID {"metadata":{}}
[2026-06-22 09:39:16] [INFO]: Successfully verified payment for order CFX-69042. Marked as PAID. {"metadata":{}}
[2026-06-22 09:39:16] [INFO]: PUT /api/orders/CFX-69042/status {"metadata":{}}
[2026-06-22 09:39:16] [INFO]: Updated order CFX-69042 status from PAID to PAID {"metadata":{}}
[2026-06-22 09:39:26] [INFO]: PUT /api/orders/CFX-69042/status {"metadata":{}}
[2026-06-22 09:39:26] [INFO]: Updated order CFX-69042 status from PAID to COMPLETED {"metadata":{}}
[2026-06-22 09:39:33] [INFO]: GET /api/products {"metadata":{}}
[2026-06-22 09:39:33] [INFO]: GET /api/machine-status {"metadata":{}}
[2026-06-22 09:39:38] [INFO]: POST /api/auth/login {"metadata":{}}
[2026-06-22 09:39:38] [INFO]: User logged in: admin@caffix.com {"metadata":{}}
[2026-06-22 09:39:38] [INFO]: GET /api/orders {"metadata":{}}
[2026-06-22 09:39:38] [INFO]: GET /api/products {"metadata":{}}
[2026-06-22 09:39:38] [INFO]: GET /api/machine-status {"metadata":{}}
[2026-06-22 09:39:40] [INFO]: GET /api/products {"metadata":{}}
[2026-06-22 09:39:40] [INFO]: GET /api/machine-status {"metadata":{}}
[2026-06-22 09:39:52] [INFO]: POST /api/orders/create {"metadata":{}}
[2026-06-22 09:39:52] [INFO]: Created PENDING order CFX-94554 with Razorpay Order ID order_mock_685716 {"metadata":{}}
[2026-06-22 09:39:56] [INFO]: POST /api/payments/verify {"metadata":{}}
[2026-06-22 09:39:56] [INFO]: Verifying mock Razorpay signature for order CFX-94554 {"metadata":{}}
[2026-06-22 09:39:56] [INFO]: Deducted ingredients for order ID CFX-94554 on transition from PENDING to PAID {"metadata":{}}
[2026-06-22 09:39:56] [INFO]: Updated order CFX-94554 status from PENDING to PAID {"metadata":{}}
[2026-06-22 09:39:56] [INFO]: Successfully verified payment for order CFX-94554. Marked as PAID. {"metadata":{}}
[2026-06-22 09:39:56] [INFO]: PUT /api/orders/CFX-94554/status {"metadata":{}}
[2026-06-22 09:39:56] [INFO]: Updated order CFX-94554 status from PAID to PAID {"metadata":{}}
[2026-06-22 09:40:05] [INFO]: PUT /api/orders/CFX-94554/status {"metadata":{}}
[2026-06-22 09:40:05] [INFO]: Updated order CFX-94554 status from PAID to COMPLETED {"metadata":{}}
[2026-06-22 09:40:07] [INFO]: GET /api/products {"metadata":{}}
[2026-06-22 09:40:07] [INFO]: GET /api/machine-status {"metadata":{}}
[2026-06-22 09:40:09] [INFO]: POST /api/orders/create {"metadata":{}}
[2026-06-22 09:40:09] [INFO]: Created PENDING order CFX-75761 with Razorpay Order ID order_mock_256149 {"metadata":{}}
[2026-06-22 09:40:13] [INFO]: POST /api/payments/verify {"metadata":{}}
[2026-06-22 09:40:13] [INFO]: Verifying mock Razorpay signature for order CFX-75761 {"metadata":{}}
[2026-06-22 09:40:13] [INFO]: Deducted ingredients for order ID CFX-75761 on transition from PENDING to PAID {"metadata":{}}
[2026-06-22 09:40:13] [INFO]: Updated order CFX-75761 status from PENDING to PAID {"metadata":{}}
[2026-06-22 09:40:13] [INFO]: Successfully verified payment for order CFX-75761. Marked as PAID. {"metadata":{}}
[2026-06-22 09:40:13] [INFO]: PUT /api/orders/CFX-75761/status {"metadata":{}}
[2026-06-22 09:40:13] [INFO]: Updated order CFX-75761 status from PAID to PAID {"metadata":{}}
[2026-06-22 09:40:23] [INFO]: PUT /api/orders/CFX-75761/status {"metadata":{}}
[2026-06-22 09:40:23] [INFO]: Updated order CFX-75761 status from PAID to COMPLETED {"metadata":{}}
[2026-06-22 09:40:24] [INFO]: GET /api/products {"metadata":{}}
[2026-06-22 09:40:24] [INFO]: GET /api/machine-status {"metadata":{}}
[2026-06-22 09:40:26] [INFO]: POST /api/orders/create {"metadata":{}}
[2026-06-22 09:40:26] [INFO]: Created PENDING order CFX-53923 with Razorpay Order ID order_mock_981633 {"metadata":{}}
[2026-06-22 09:40:30] [INFO]: POST /api/payments/verify {"metadata":{}}
[2026-06-22 09:40:30] [INFO]: Verifying mock Razorpay signature for order CFX-53923 {"metadata":{}}
[2026-06-22 09:40:30] [INFO]: Deducted ingredients for order ID CFX-53923 on transition from PENDING to PAID {"metadata":{}}
[2026-06-22 09:40:30] [INFO]: Updated order CFX-53923 status from PENDING to PAID {"metadata":{}}
[2026-06-22 09:40:30] [INFO]: Successfully verified payment for order CFX-53923. Marked as PAID. {"metadata":{}}
[2026-06-22 09:40:30] [INFO]: PUT /api/orders/CFX-53923/status {"metadata":{}}
[2026-06-22 09:40:30] [INFO]: Updated order CFX-53923 status from PAID to PAID {"metadata":{}}
[2026-06-22 09:40:40] [INFO]: PUT /api/orders/CFX-53923/status {"metadata":{}}
[2026-06-22 09:40:40] [INFO]: Updated order CFX-53923 status from PAID to COMPLETED {"metadata":{}}
[2026-06-22 09:40:50] [INFO]: GET /api/products {"metadata":{}}
[2026-06-22 09:40:50] [INFO]: GET /api/machine-status {"metadata":{}}
[2026-06-22 09:40:53] [INFO]: POST /api/orders/create {"metadata":{}}
[2026-06-22 09:40:53] [INFO]: Created PENDING order CFX-91400 with Razorpay Order ID order_mock_721215 {"metadata":{}}
[2026-06-22 09:40:56] [INFO]: POST /api/payments/verify {"metadata":{}}
[2026-06-22 09:40:56] [INFO]: Verifying mock Razorpay signature for order CFX-91400 {"metadata":{}}
[2026-06-22 09:40:56] [INFO]: Deducted ingredients for order ID CFX-91400 on transition from PENDING to PAID {"metadata":{}}
[2026-06-22 09:40:56] [INFO]: Updated order CFX-91400 status from PENDING to PAID {"metadata":{}}
[2026-06-22 09:40:56] [INFO]: Successfully verified payment for order CFX-91400. Marked as PAID. {"metadata":{}}
[2026-06-22 09:40:56] [INFO]: PUT /api/orders/CFX-91400/status {"metadata":{}}
[2026-06-22 09:40:56] [INFO]: Updated order CFX-91400 status from PAID to PAID {"metadata":{}}
[2026-06-22 09:41:06] [INFO]: PUT /api/orders/CFX-91400/status {"metadata":{}}
[2026-06-22 09:41:06] [INFO]: Updated order CFX-91400 status from PAID to COMPLETED {"metadata":{}}
[2026-06-22 09:41:07] [INFO]: GET /api/products {"metadata":{}}
[2026-06-22 09:41:07] [INFO]: GET /api/machine-status {"metadata":{}}
[2026-06-22 09:41:09] [INFO]: POST /api/orders/create {"metadata":{}}
[2026-06-22 09:41:09] [INFO]: Created PENDING order CFX-89372 with Razorpay Order ID order_mock_269667 {"metadata":{}}
[2026-06-22 09:41:12] [INFO]: POST /api/payments/verify {"metadata":{}}
[2026-06-22 09:41:12] [INFO]: Verifying mock Razorpay signature for order CFX-89372 {"metadata":{}}
[2026-06-22 09:41:12] [INFO]: Deducted ingredients for order ID CFX-89372 on transition from PENDING to PAID {"metadata":{}}
[2026-06-22 09:41:12] [INFO]: Updated order CFX-89372 status from PENDING to PAID {"metadata":{}}
[2026-06-22 09:41:12] [INFO]: Successfully verified payment for order CFX-89372. Marked as PAID. {"metadata":{}}
[2026-06-22 09:41:12] [INFO]: PUT /api/orders/CFX-89372/status {"metadata":{}}
[2026-06-22 09:41:12] [INFO]: Updated order CFX-89372 status from PAID to PAID {"metadata":{}}
[2026-06-22 09:41:22] [INFO]: PUT /api/orders/CFX-89372/status {"metadata":{}}
[2026-06-22 09:41:22] [INFO]: Updated order CFX-89372 status from PAID to COMPLETED {"metadata":{}}
[2026-06-22 09:41:32] [INFO]: GET /api/products {"metadata":{}}
[2026-06-22 09:41:32] [INFO]: GET /api/machine-status {"metadata":{}}
[2026-06-22 09:41:45] [INFO]: POST /api/orders/create {"metadata":{}}
[2026-06-22 09:41:45] [INFO]: Created PENDING order CFX-76449 with Razorpay Order ID order_mock_929332 {"metadata":{}}
[2026-06-22 09:41:48] [INFO]: POST /api/payments/verify {"metadata":{}}
[2026-06-22 09:41:48] [INFO]: Verifying mock Razorpay signature for order CFX-76449 {"metadata":{}}
[2026-06-22 09:41:48] [INFO]: Deducted ingredients for order ID CFX-76449 on transition from PENDING to PAID {"metadata":{}}
[2026-06-22 09:41:48] [INFO]: Updated order CFX-76449 status from PENDING to PAID {"metadata":{}}
[2026-06-22 09:41:48] [INFO]: Successfully verified payment for order CFX-76449. Marked as PAID. {"metadata":{}}
[2026-06-22 09:41:48] [INFO]: PUT /api/orders/CFX-76449/status {"metadata":{}}
[2026-06-22 09:41:48] [INFO]: Updated order CFX-76449 status from PAID to PAID {"metadata":{}}
[2026-06-22 09:41:58] [INFO]: PUT /api/orders/CFX-76449/status {"metadata":{}}
[2026-06-22 09:41:58] [INFO]: Updated order CFX-76449 status from PAID to COMPLETED {"metadata":{}}
[2026-06-22 09:42:03] [INFO]: GET /api/products {"metadata":{}}
[2026-06-22 09:42:03] [INFO]: GET /api/machine-status {"metadata":{}}
[2026-06-22 09:42:37] [INFO]: POST /api/auth/login {"metadata":{}}
[2026-06-22 09:42:37] [INFO]: User logged in: admin@caffix.com {"metadata":{}}
[2026-06-22 09:42:37] [INFO]: GET /api/orders {"metadata":{}}
[2026-06-22 09:42:37] [INFO]: GET /api/products {"metadata":{}}
[2026-06-22 09:42:37] [INFO]: GET /api/machine-status {"metadata":{}}
[2026-06-22 09:42:40] [INFO]: GET /api/products {"metadata":{}}
[2026-06-22 09:42:40] [INFO]: GET /api/machine-status {"metadata":{}}
[2026-06-22 09:42:43] [INFO]: POST /api/orders/create {"metadata":{}}
[2026-06-22 09:42:43] [INFO]: Created PENDING order CFX-74845 with Razorpay Order ID order_mock_912472 {"metadata":{}}
[2026-06-22 09:42:46] [INFO]: POST /api/payments/verify {"metadata":{}}
[2026-06-22 09:42:46] [INFO]: Verifying mock Razorpay signature for order CFX-74845 {"metadata":{}}
[2026-06-22 09:42:46] [INFO]: Deducted ingredients for order ID CFX-74845 on transition from PENDING to PAID {"metadata":{}}
[2026-06-22 09:42:46] [INFO]: Updated order CFX-74845 status from PENDING to PAID {"metadata":{}}
[2026-06-22 09:42:46] [INFO]: Successfully verified payment for order CFX-74845. Marked as PAID. {"metadata":{}}
[2026-06-22 09:42:46] [INFO]: PUT /api/orders/CFX-74845/status {"metadata":{}}
[2026-06-22 09:42:46] [INFO]: Updated order CFX-74845 status from PAID to PAID {"metadata":{}}
[2026-06-22 09:42:56] [INFO]: PUT /api/orders/CFX-74845/status {"metadata":{}}
[2026-06-22 09:42:56] [INFO]: Updated order CFX-74845 status from PAID to COMPLETED {"metadata":{}}
[2026-06-22 09:43:02] [INFO]: GET /api/products {"metadata":{}}
[2026-06-22 09:43:02] [INFO]: GET /api/machine-status {"metadata":{}}
[2026-06-22 09:43:05] [INFO]: POST /api/auth/login {"metadata":{}}
[2026-06-22 09:43:05] [INFO]: User logged in: admin@caffix.com {"metadata":{}}
[2026-06-22 09:43:05] [INFO]: GET /api/orders {"metadata":{}}
[2026-06-22 09:43:05] [INFO]: GET /api/products {"metadata":{}}
[2026-06-22 09:43:05] [INFO]: GET /api/machine-status {"metadata":{}}
[2026-06-22 09:43:07] [INFO]: GET /api/products {"metadata":{}}
[2026-06-22 09:43:07] [INFO]: GET /api/machine-status {"metadata":{}}
[2026-06-22 09:43:11] [INFO]: POST /api/orders/create {"metadata":{}}
[2026-06-22 09:43:11] [INFO]: Created PENDING order CFX-61175 with Razorpay Order ID order_mock_103331 {"metadata":{}}
[2026-06-22 09:43:15] [INFO]: POST /api/payments/verify {"metadata":{}}
[2026-06-22 09:43:15] [INFO]: Verifying mock Razorpay signature for order CFX-61175 {"metadata":{}}
[2026-06-22 09:43:15] [INFO]: Deducted ingredients for order ID CFX-61175 on transition from PENDING to PAID {"metadata":{}}
[2026-06-22 09:43:15] [INFO]: Updated order CFX-61175 status from PENDING to PAID {"metadata":{}}
[2026-06-22 09:43:15] [INFO]: Successfully verified payment for order CFX-61175. Marked as PAID. {"metadata":{}}
[2026-06-22 09:43:15] [INFO]: PUT /api/orders/CFX-61175/status {"metadata":{}}
[2026-06-22 09:43:15] [INFO]: Updated order CFX-61175 status from PAID to PAID {"metadata":{}}
[2026-06-22 09:43:25] [INFO]: PUT /api/orders/CFX-61175/status {"metadata":{}}
[2026-06-22 09:43:25] [INFO]: Updated order CFX-61175 status from PAID to COMPLETED {"metadata":{}}
[2026-06-22 09:43:29] [INFO]: GET /api/products {"metadata":{}}
[2026-06-22 09:43:29] [INFO]: GET /api/machine-status {"metadata":{}}
[2026-06-22 09:43:35] [INFO]: POST /api/orders/create {"metadata":{}}
[2026-06-22 09:43:35] [INFO]: Created PENDING order CFX-51998 with Razorpay Order ID order_mock_226145 {"metadata":{}}
[2026-06-22 09:43:38] [INFO]: POST /api/payments/verify {"metadata":{}}
[2026-06-22 09:43:38] [INFO]: Verifying mock Razorpay signature for order CFX-51998 {"metadata":{}}
[2026-06-22 09:43:38] [INFO]: Deducted ingredients for order ID CFX-51998 on transition from PENDING to PAID {"metadata":{}}
[2026-06-22 09:43:38] [INFO]: Updated order CFX-51998 status from PENDING to PAID {"metadata":{}}
[2026-06-22 09:43:38] [INFO]: Successfully verified payment for order CFX-51998. Marked as PAID. {"metadata":{}}
[2026-06-22 09:43:38] [INFO]: PUT /api/orders/CFX-51998/status {"metadata":{}}
[2026-06-22 09:43:38] [INFO]: Updated order CFX-51998 status from PAID to PAID {"metadata":{}}
[2026-06-22 09:43:48] [INFO]: PUT /api/orders/CFX-51998/status {"metadata":{}}
[2026-06-22 09:43:48] [INFO]: Updated order CFX-51998 status from PAID to COMPLETED {"metadata":{}}
[2026-06-22 09:43:50] [INFO]: GET /api/products {"metadata":{}}
[2026-06-22 09:43:50] [INFO]: GET /api/machine-status {"metadata":{}}
[2026-06-22 09:43:52] [INFO]: POST /api/orders/create {"metadata":{}}
[2026-06-22 09:43:52] [INFO]: Created PENDING order CFX-76816 with Razorpay Order ID order_mock_504456 {"metadata":{}}
[2026-06-22 09:43:55] [INFO]: POST /api/payments/verify {"metadata":{}}
[2026-06-22 09:43:55] [INFO]: Verifying mock Razorpay signature for order CFX-76816 {"metadata":{}}
[2026-06-22 09:43:55] [INFO]: Deducted ingredients for order ID CFX-76816 on transition from PENDING to PAID {"metadata":{}}
[2026-06-22 09:43:55] [INFO]: Updated order CFX-76816 status from PENDING to PAID {"metadata":{}}
[2026-06-22 09:43:55] [INFO]: Successfully verified payment for order CFX-76816. Marked as PAID. {"metadata":{}}
[2026-06-22 09:43:55] [INFO]: PUT /api/orders/CFX-76816/status {"metadata":{}}
[2026-06-22 09:43:55] [INFO]: Updated order CFX-76816 status from PAID to PAID {"metadata":{}}
[2026-06-22 09:44:05] [INFO]: PUT /api/orders/CFX-76816/status {"metadata":{}}
[2026-06-22 09:44:05] [INFO]: Updated order CFX-76816 status from PAID to COMPLETED {"metadata":{}}
[2026-06-22 09:44:07] [INFO]: GET /api/products {"metadata":{}}
[2026-06-22 09:44:07] [INFO]: GET /api/machine-status {"metadata":{}}
[2026-06-22 09:44:11] [INFO]: POST /api/auth/login {"metadata":{}}
[2026-06-22 09:44:11] [INFO]: User logged in: admin@caffix.com {"metadata":{}}
[2026-06-22 09:44:11] [INFO]: GET /api/orders {"metadata":{}}
[2026-06-22 09:44:11] [INFO]: GET /api/products {"metadata":{}}
[2026-06-22 09:44:11] [INFO]: GET /api/machine-status {"metadata":{}}
[2026-06-22 09:44:13] [INFO]: GET /api/products {"metadata":{}}
[2026-06-22 09:44:13] [INFO]: GET /api/machine-status {"metadata":{}}
[2026-06-22 09:44:15] [INFO]: POST /api/orders/create {"metadata":{}}
[2026-06-22 09:44:15] [INFO]: Created PENDING order CFX-11545 with Razorpay Order ID order_mock_599042 {"metadata":{}}
[2026-06-22 09:44:19] [INFO]: POST /api/payments/verify {"metadata":{}}
[2026-06-22 09:44:19] [INFO]: Verifying mock Razorpay signature for order CFX-11545 {"metadata":{}}
[2026-06-22 09:44:19] [INFO]: Deducted ingredients for order ID CFX-11545 on transition from PENDING to PAID {"metadata":{}}
[2026-06-22 09:44:19] [INFO]: Updated order CFX-11545 status from PENDING to PAID {"metadata":{}}
[2026-06-22 09:44:19] [INFO]: Successfully verified payment for order CFX-11545. Marked as PAID. {"metadata":{}}
[2026-06-22 09:44:19] [INFO]: PUT /api/orders/CFX-11545/status {"metadata":{}}
[2026-06-22 09:44:19] [INFO]: Updated order CFX-11545 status from PAID to PAID {"metadata":{}}
[2026-06-22 09:44:29] [INFO]: PUT /api/orders/CFX-11545/status {"metadata":{}}
[2026-06-22 09:44:29] [INFO]: Updated order CFX-11545 status from PAID to COMPLETED {"metadata":{}}
[2026-06-22 09:44:31] [INFO]: GET /api/products {"metadata":{}}
[2026-06-22 09:44:31] [INFO]: GET /api/machine-status {"metadata":{}}
[2026-06-22 09:44:34] [INFO]: POST /api/orders/create {"metadata":{}}
[2026-06-22 09:44:34] [INFO]: Created PENDING order CFX-58185 with Razorpay Order ID order_mock_269664 {"metadata":{}}
[2026-06-22 09:44:37] [INFO]: POST /api/payments/verify {"metadata":{}}
[2026-06-22 09:44:37] [INFO]: Verifying mock Razorpay signature for order CFX-58185 {"metadata":{}}
[2026-06-22 09:44:37] [WARN]: POST /api/payments/verify - 400 - Ingredients depleted: Coffee beans refill required {"metadata":{}}
[2026-06-22 09:44:45] [INFO]: PUT /api/orders/CFX-58185/status {"metadata":{}}
[2026-06-22 09:44:45] [INFO]: Updated order CFX-58185 status from PENDING to CANCELLED {"metadata":{}}
[2026-06-22 09:44:47] [INFO]: POST /api/orders/create {"metadata":{}}
[2026-06-22 09:44:47] [INFO]: Created PENDING order CFX-24010 with Razorpay Order ID order_mock_697711 {"metadata":{}}
[2026-06-22 09:44:50] [INFO]: POST /api/payments/verify {"metadata":{}}
[2026-06-22 09:44:50] [INFO]: Verifying mock Razorpay signature for order CFX-24010 {"metadata":{}}
[2026-06-22 09:44:50] [WARN]: POST /api/payments/verify - 400 - Ingredients depleted: Coffee beans refill required {"metadata":{}}
[2026-06-22 09:44:53] [INFO]: PUT /api/orders/CFX-24010/status {"metadata":{}}
[2026-06-22 09:44:53] [INFO]: Updated order CFX-24010 status from PENDING to CANCELLED {"metadata":{}}
[2026-06-22 09:44:58] [INFO]: POST /api/auth/login {"metadata":{}}
[2026-06-22 09:44:58] [INFO]: User logged in: admin@caffix.com {"metadata":{}}
[2026-06-22 09:44:58] [INFO]: GET /api/orders {"metadata":{}}
[2026-06-22 09:44:58] [INFO]: GET /api/products {"metadata":{}}
[2026-06-22 09:44:58] [INFO]: GET /api/machine-status {"metadata":{}}
[2026-06-22 09:45:03] [INFO]: GET /api/products {"metadata":{}}
[2026-06-22 09:45:03] [INFO]: GET /api/machine-status {"metadata":{}}
[2026-06-22 09:45:39] [INFO]: POST /api/orders/create {"metadata":{}}
[2026-06-22 09:45:39] [INFO]: Created PENDING order CFX-21142 with Razorpay Order ID order_mock_461766 {"metadata":{}}
[2026-06-22 09:45:43] [INFO]: POST /api/payments/verify {"metadata":{}}
[2026-06-22 09:45:43] [INFO]: Verifying mock Razorpay signature for order CFX-21142 {"metadata":{}}
[2026-06-22 09:45:43] [WARN]: POST /api/payments/verify - 400 - Ingredients depleted: Coffee beans refill required {"metadata":{}}
[2026-06-22 09:45:46] [INFO]: PUT /api/orders/CFX-21142/status {"metadata":{}}
[2026-06-22 09:45:46] [INFO]: Updated order CFX-21142 status from PENDING to CANCELLED {"metadata":{}}
[2026-06-22 09:45:53] [INFO]: POST /api/auth/login {"metadata":{}}
[2026-06-22 09:45:53] [INFO]: User logged in: admin@caffix.com {"metadata":{}}
[2026-06-22 09:45:53] [INFO]: GET /api/orders {"metadata":{}}
[2026-06-22 09:45:53] [INFO]: GET /api/products {"metadata":{}}
[2026-06-22 09:45:53] [INFO]: GET /api/machine-status {"metadata":{}}
[2026-06-22 09:46:05] [INFO]: POST /api/machines/CFX-MC-01/refill {"metadata":{}}
[2026-06-22 09:46:05] [INFO]: Refilled coffee for machine ID CFX-MC-01 {"metadata":{}}
[2026-06-22 09:46:05] [INFO]: GET /api/orders {"metadata":{}}
[2026-06-22 09:46:05] [INFO]: GET /api/products {"metadata":{}}
[2026-06-22 09:46:05] [INFO]: GET /api/machine-status {"metadata":{}}
[2026-06-22 09:46:10] [INFO]: POST /api/auth/login {"metadata":{}}
[2026-06-22 09:46:10] [INFO]: User logged in: kiosk01@caffix.com {"metadata":{}}
[2026-06-22 09:46:10] [INFO]: GET /api/products {"metadata":{}}
[2026-06-22 09:46:10] [INFO]: GET /api/machine-status {"metadata":{}}
[2026-06-22 09:46:13] [INFO]: POST /api/auth/login {"metadata":{}}
[2026-06-22 09:46:13] [INFO]: User logged in: admin@caffix.com {"metadata":{}}
[2026-06-22 09:46:13] [INFO]: GET /api/orders {"metadata":{}}
[2026-06-22 09:46:13] [INFO]: GET /api/products {"metadata":{}}
[2026-06-22 09:46:13] [INFO]: GET /api/machine-status {"metadata":{}}
[2026-06-22 09:46:15] [INFO]: GET /api/products {"metadata":{}}
[2026-06-22 09:46:15] [INFO]: GET /api/machine-status {"metadata":{}}
[2026-06-22 09:46:18] [INFO]: POST /api/orders/create {"metadata":{}}
[2026-06-22 09:46:18] [INFO]: Created PENDING order CFX-26124 with Razorpay Order ID order_mock_549553 {"metadata":{}}
[2026-06-22 09:46:21] [INFO]: POST /api/payments/verify {"metadata":{}}
[2026-06-22 09:46:21] [INFO]: Verifying mock Razorpay signature for order CFX-26124 {"metadata":{}}
[2026-06-22 09:46:21] [INFO]: Deducted ingredients for order ID CFX-26124 on transition from PENDING to PAID {"metadata":{}}
[2026-06-22 09:46:21] [INFO]: Updated order CFX-26124 status from PENDING to PAID {"metadata":{}}
[2026-06-22 09:46:21] [INFO]: Successfully verified payment for order CFX-26124. Marked as PAID. {"metadata":{}}
[2026-06-22 09:46:21] [INFO]: PUT /api/orders/CFX-26124/status {"metadata":{}}
[2026-06-22 09:46:21] [INFO]: Updated order CFX-26124 status from PAID to PAID {"metadata":{}}
[2026-06-22 09:46:31] [INFO]: PUT /api/orders/CFX-26124/status {"metadata":{}}
[2026-06-22 09:46:31] [INFO]: Updated order CFX-26124 status from PAID to COMPLETED {"metadata":{}}
[2026-06-22 09:46:32] [INFO]: GET /api/products {"metadata":{}}
[2026-06-22 09:46:32] [INFO]: GET /api/machine-status {"metadata":{}}
[2026-06-22 09:46:37] [INFO]: POST /api/auth/login {"metadata":{}}
[2026-06-22 09:46:37] [INFO]: User logged in: admin@caffix.com {"metadata":{}}
[2026-06-22 09:46:37] [INFO]: GET /api/orders {"metadata":{}}
[2026-06-22 09:46:37] [INFO]: GET /api/products {"metadata":{}}
[2026-06-22 09:46:37] [INFO]: GET /api/machine-status {"metadata":{}}
[2026-06-22 09:46:39] [INFO]: POST /api/machines/CFX-MC-01/refill {"metadata":{}}
[2026-06-22 09:46:39] [INFO]: Refilled ALL for machine ID CFX-MC-01 {"metadata":{}}
[2026-06-22 09:46:39] [INFO]: GET /api/orders {"metadata":{}}
[2026-06-22 09:46:39] [INFO]: GET /api/products {"metadata":{}}
[2026-06-22 09:46:39] [INFO]: GET /api/machine-status {"metadata":{}}
[2026-06-22 09:50:52] [INFO]: POST /api/auth/login {"metadata":{}}
[2026-06-22 09:50:52] [INFO]: User logged in: kiosk01@caffix.com {"metadata":{}}
[2026-06-22 09:50:52] [INFO]: GET /api/products {"metadata":{}}
[2026-06-22 09:50:52] [INFO]: GET /api/machine-status {"metadata":{}}
[2026-06-22 09:51:52] [INFO]: POST /api/orders/create {"metadata":{}}
[2026-06-22 09:51:52] [INFO]: Created PENDING order CFX-47854 with Razorpay Order ID order_mock_498324 {"metadata":{}}
[2026-06-22 09:52:23] [INFO]: POST /api/payments/verify {"metadata":{}}
[2026-06-22 09:52:23] [INFO]: Verifying mock Razorpay signature for order CFX-47854 {"metadata":{}}
[2026-06-22 09:52:23] [INFO]: Deducted ingredients for order ID CFX-47854 on transition from PENDING to PAID {"metadata":{}}
[2026-06-22 09:52:23] [INFO]: Updated order CFX-47854 status from PENDING to PAID {"metadata":{}}
[2026-06-22 09:52:23] [INFO]: Successfully verified payment for order CFX-47854. Marked as PAID. {"metadata":{}}
[2026-06-22 09:52:24] [INFO]: PUT /api/orders/CFX-47854/status {"metadata":{}}
[2026-06-22 09:52:24] [INFO]: Updated order CFX-47854 status from PAID to PAID {"metadata":{}}
[2026-06-22 09:52:33] [INFO]: PUT /api/orders/CFX-47854/status {"metadata":{}}
[2026-06-22 09:52:34] [INFO]: Updated order CFX-47854 status from PAID to COMPLETED {"metadata":{}}
[2026-06-22 09:52:44] [INFO]: GET /api/products {"metadata":{}}
[2026-06-22 09:52:44] [INFO]: GET /api/machine-status {"metadata":{}}
[2026-06-22 09:54:09] [INFO]: POST /api/orders/create {"metadata":{}}
[2026-06-22 09:54:09] [INFO]: Created PENDING order CFX-46146 with Razorpay Order ID order_mock_240483 {"metadata":{}}
[2026-06-22 09:54:21] [INFO]: POST /api/payments/verify {"metadata":{}}
[2026-06-22 09:54:21] [INFO]: Verifying mock Razorpay signature for order CFX-46146 {"metadata":{}}
[2026-06-22 09:54:21] [INFO]: Deducted ingredients for order ID CFX-46146 on transition from PENDING to PAID {"metadata":{}}
[2026-06-22 09:54:21] [INFO]: Updated order CFX-46146 status from PENDING to PAID {"metadata":{}}
[2026-06-22 09:54:21] [INFO]: Successfully verified payment for order CFX-46146. Marked as PAID. {"metadata":{}}
[2026-06-22 09:54:21] [INFO]: PUT /api/orders/CFX-46146/status {"metadata":{}}
[2026-06-22 09:54:21] [INFO]: Updated order CFX-46146 status from PAID to PAID {"metadata":{}}
[2026-06-22 09:54:31] [INFO]: PUT /api/orders/CFX-46146/status {"metadata":{}}
[2026-06-22 09:54:31] [INFO]: Updated order CFX-46146 status from PAID to COMPLETED {"metadata":{}}
[2026-06-22 09:54:32] [INFO]: GET /api/products {"metadata":{}}
[2026-06-22 09:54:32] [INFO]: GET /api/machine-status {"metadata":{}}
[2026-06-22 09:54:36] [INFO]: POST /api/auth/login {"metadata":{}}
[2026-06-22 09:54:36] [INFO]: User logged in: admin@caffix.com {"metadata":{}}
[2026-06-22 09:54:36] [INFO]: GET /api/orders {"metadata":{}}
[2026-06-22 09:54:36] [INFO]: GET /api/products {"metadata":{}}
[2026-06-22 09:54:36] [INFO]: GET /api/machine-status {"metadata":{}}
[2026-06-22 09:54:47] [INFO]: GET /api/products {"metadata":{}}
[2026-06-22 09:54:47] [INFO]: GET /api/machine-status {"metadata":{}}
[2026-06-22 10:12:00] [INFO]: Swagger API docs mounted on /api-docs {"metadata":{}}
[2026-06-22 10:12:00] [INFO]: SQLite database schema parsed and seeded successfully {"metadata":{}}
[2026-06-22 10:12:00] [INFO]: CAFFIX Vending server running on http://localhost:5000 {"metadata":{}}
[2026-06-22 10:12:00] [INFO]: Swagger interactive docs: http://localhost:5000/api-docs {"metadata":{}}
[2026-06-22 10:13:58] [INFO]: POST /api/orders/create {"metadata":{}}
[2026-06-22 10:13:59] [INFO]: Created PENDING order CFX-17220 with Razorpay Order ID order_T4Y7fAWgrmdXbE {"metadata":{}}
[2026-06-22 10:16:10] [INFO]: POST /api/auth/login {"metadata":{}}
[2026-06-22 10:16:10] [INFO]: User logged in: kiosk01@caffix.com {"metadata":{}}
[2026-06-22 10:16:11] [INFO]: GET /api/products {"metadata":{}}
[2026-06-22 10:16:11] [INFO]: GET /api/machine-status {"metadata":{}}
[2026-06-22 10:16:41] [INFO]: POST /api/orders/create {"metadata":{}}
[2026-06-22 10:16:42] [INFO]: Created PENDING order CFX-84507 with Razorpay Order ID order_T4YAXZwywkF3jB {"metadata":{}}
[2026-06-22 10:18:16] [INFO]: PUT /api/orders/CFX-84507/status {"metadata":{}}
[2026-06-22 10:18:16] [INFO]: Updated order CFX-84507 status from PENDING to CANCELLED {"metadata":{}}
[2026-06-22 10:18:23] [INFO]: POST /api/orders/create {"metadata":{}}
[2026-06-22 10:18:24] [INFO]: Created PENDING order CFX-58454 with Razorpay Order ID order_T4YCKXi3LlbE34 {"metadata":{}}
[2026-06-22 10:19:22] [INFO]: PUT /api/orders/CFX-58454/status {"metadata":{}}
[2026-06-22 10:19:22] [INFO]: Updated order CFX-58454 status from PENDING to CANCELLED {"metadata":{}}
[2026-06-22 10:28:10] [INFO]: Swagger API docs mounted on /api-docs {"metadata":{}}
[2026-06-22 10:28:10] [INFO]: SQLite database schema parsed and seeded successfully {"metadata":{}}
[2026-06-22 10:28:10] [INFO]: CAFFIX Vending server running on http://localhost:5000 {"metadata":{}}
[2026-06-22 10:28:10] [INFO]: Swagger interactive docs: http://localhost:5000/api-docs {"metadata":{}}
[2026-06-22 10:28:33] [INFO]: POST /api/auth/login {"metadata":{}}
[2026-06-22 10:28:33] [INFO]: User logged in: kiosk01@caffix.com {"metadata":{}}
[2026-06-22 10:28:33] [INFO]: GET /api/products {"metadata":{}}
[2026-06-22 10:28:33] [INFO]: GET /api/machine-status {"metadata":{}}
[2026-06-22 10:28:36] [INFO]: POST /api/orders/create {"metadata":{}}
[2026-06-22 10:28:36] [INFO]: Created PENDING order CFX-83597 with Razorpay Order ID order_T4YN7X3e79GNif {"metadata":{}}
[2026-06-22 10:28:46] [INFO]: PUT /api/orders/CFX-83597/status {"metadata":{}}
[2026-06-22 10:28:46] [INFO]: Updated order CFX-83597 status from PENDING to CANCELLED {"metadata":{}}
[2026-06-22 10:28:51] [INFO]: POST /api/auth/login {"metadata":{}}
[2026-06-22 10:28:51] [INFO]: User logged in: admin@caffix.com {"metadata":{}}
[2026-06-22 10:28:51] [INFO]: GET /api/orders {"metadata":{}}
[2026-06-22 10:28:51] [INFO]: GET /api/products {"metadata":{}}
[2026-06-22 10:28:51] [INFO]: GET /api/machine-status {"metadata":{}}
[2026-06-22 10:29:16] [INFO]: GET /api/products {"metadata":{}}
[2026-06-22 10:29:16] [INFO]: GET /api/machine-status {"metadata":{}}
